<?xml version="1.0" encoding="UTF-8"?>
<testng-results ignored="0" total="1" passed="1" failed="0" skipped="0">
  <reporter-output>
  </reporter-output>
  <suite started-at="2025-02-24T12:23:02 IST" name="Suite" finished-at="2025-02-24T12:23:11 IST" duration-ms="9298">
    <groups>
      <group name="Master">
        <method signature="Tc_001_AccountRegisterationTest.AccountRegisterationTest()[pri:0, instance:testCases.Tc_001_AccountRegisterationTest@323b36e0]" name="AccountRegisterationTest" class="testCases.Tc_001_AccountRegisterationTest"/>
      </group> <!-- Master -->
      <group name="Sanity">
        <method signature="Tc_001_AccountRegisterationTest.AccountRegisterationTest()[pri:0, instance:testCases.Tc_001_AccountRegisterationTest@323b36e0]" name="AccountRegisterationTest" class="testCases.Tc_001_AccountRegisterationTest"/>
      </group> <!-- Sanity -->
    </groups>
    <test started-at="2025-02-24T12:23:02 IST" name="Test" finished-at="2025-02-24T12:23:11 IST" duration-ms="9298">
      <class name="testCases.Tc_001_AccountRegisterationTest">
        <test-method is-config="true" signature="setUp(java.lang.String,java.lang.String)[pri:0, instance:testCases.Tc_001_AccountRegisterationTest@323b36e0]" started-at="2025-02-24T12:23:02 IST" name="setUp" finished-at="2025-02-24T12:23:07 IST" duration-ms="5161" status="PASS">
          <params>
            <param index="0">
              <value>
                <![CDATA[Windows]]>
              </value>
            </param>
            <param index="1">
              <value>
                <![CDATA[chrome]]>
              </value>
            </param>
          </params>
          <reporter-output>
          </reporter-output>
        </test-method> <!-- setUp -->
        <test-method signature="AccountRegisterationTest()[pri:0, instance:testCases.Tc_001_AccountRegisterationTest@323b36e0]" started-at="2025-02-24T12:23:07 IST" name="AccountRegisterationTest" finished-at="2025-02-24T12:23:11 IST" duration-ms="3659" status="PASS">
          <reporter-output>
          </reporter-output>
        </test-method> <!-- AccountRegisterationTest -->
        <test-method is-config="true" signature="tearDown()[pri:0, instance:testCases.Tc_001_AccountRegisterationTest@323b36e0]" started-at="2025-02-24T12:23:11 IST" name="tearDown" finished-at="2025-02-24T12:23:11 IST" duration-ms="389" status="PASS">
          <reporter-output>
          </reporter-output>
        </test-method> <!-- tearDown -->
      </class> <!-- testCases.Tc_001_AccountRegisterationTest -->
    </test> <!-- Test -->
  </suite> <!-- Suite -->
</testng-results>
